2024-12-16 18:58:21,505 [INFO] Activator:176 - 


2024-12-16 18:58:21,506 [INFO] Activator:177 - !SESSION log4j initialized
2024-12-16 18:58:22,826 [INFO] LogOutputStream:77 - [STDOUT_REDIRECT] 
2024-12-16 18:58:24,216 [INFO] ApplicationProperties:184 - Using Application install path: /opt/stm32cubeide/plugins/com.st.stm32cube.common.mx_6.12.1.202409122256
2024-12-16 18:58:24,225 [INFO] DbMcusXml:78 - Set database path to: /opt/stm32cubeide/plugins/com.st.stm32cube.common.mx_6.12.1.202409122256//db//mcu/
2024-12-16 18:58:24,225 [INFO] ApiDb:274 - Set plugin database path to: /opt/stm32cubeide/plugins/com.st.stm32cube.common.mx_6.12.1.202409122256//db//plugins/boardmanager/
2024-12-16 18:58:24,226 [WARN] ApiDb:259 - Overriding images path with different value:  => /opt/stm32cubeide/plugins/com.st.stm32cube.common.mx_6.12.1.202409122256//db//plugins/mcufinder/images/
2024-12-16 18:58:24,228 [INFO] ApiDb:250 - Set database path to: /home/szensei/.stmcufinder/plugins/mcufinder//mcu/
2024-12-16 18:58:24,229 [INFO] DbMcusAds:125 - Set database path to: /home/szensei/.stmcufinder/plugins/mcufinder//mcu/
2024-12-16 18:58:24,230 [INFO] CrossReferenceDbSqlite:203 - Set database path to: /home/szensei/.stmcufinder/plugins/mcufinder//mcu/cs/
2024-12-16 18:58:24,296 [INFO] RulesReader:64 - Compatibility file has been processed (297 Rules)
2024-12-16 18:58:24,331 [INFO] DbMcusXml:78 - Set database path to: /opt/stm32cubeide/plugins/com.st.stm32cube.common.mx_6.12.1.202409122256//db//mcu/
2024-12-16 18:58:24,331 [INFO] ApiDb:274 - Set plugin database path to: /opt/stm32cubeide/plugins/com.st.stm32cube.common.mx_6.12.1.202409122256//db//plugins/boardmanager/
2024-12-16 18:58:24,331 [INFO] ApiDb:261 - Set plugin images path to: /opt/stm32cubeide/plugins/com.st.stm32cube.common.mx_6.12.1.202409122256//db//plugins/mcufinder/images/
2024-12-16 18:58:24,331 [WARN] DbFile:41 - Overriding database path with different value: /home/szensei/.stmcufinder/plugins/mcufinder/ => /home/szensei/.stmcufinder/plugins/mcufinder
2024-12-16 18:58:24,331 [INFO] ApiDb:250 - Set database path to: /home/szensei/.stmcufinder/plugins/mcufinder//mcu/
2024-12-16 18:58:24,331 [WARN] DbFile:41 - Overriding database path with different value: /home/szensei/.stmcufinder/plugins/mcufinder/ => /home/szensei/.stmcufinder/plugins/mcufinder
2024-12-16 18:58:24,331 [INFO] DbMcusAds:125 - Set database path to: /home/szensei/.stmcufinder/plugins/mcufinder//mcu/
2024-12-16 18:58:24,331 [WARN] DbFile:41 - Overriding database path with different value: /home/szensei/.stmcufinder/plugins/mcufinder/ => /home/szensei/.stmcufinder/plugins/mcufinder
2024-12-16 18:58:24,331 [WARN] DbFile:41 - Overriding database path with different value: /home/szensei/.stmcufinder/plugins/mcufinder/ => /home/szensei/.stmcufinder/plugins/mcufinder
2024-12-16 18:58:24,331 [INFO] CrossReferenceDbSqlite:203 - Set database path to: /home/szensei/.stmcufinder/plugins/mcufinder//mcu/cs/
2024-12-16 18:58:24,366 [INFO] MainPanel:268 - HeapMemory: 268435456
2024-12-16 18:58:24,422 [INFO] DbMcusXml:78 - Set database path to: /opt/stm32cubeide/plugins/com.st.stm32cube.common.mx_6.12.1.202409122256//db//mcu/
2024-12-16 18:58:24,422 [INFO] ApiDb:274 - Set plugin database path to: /opt/stm32cubeide/plugins/com.st.stm32cube.common.mx_6.12.1.202409122256//db//plugins/boardmanager/
2024-12-16 18:58:24,422 [INFO] ApiDb:261 - Set plugin images path to: /opt/stm32cubeide/plugins/com.st.stm32cube.common.mx_6.12.1.202409122256//db//plugins/mcufinder/images/
2024-12-16 18:58:24,422 [WARN] DbFile:41 - Overriding database path with different value: /home/szensei/.stmcufinder/plugins/mcufinder/ => /home/szensei/.stmcufinder/plugins/mcufinder
2024-12-16 18:58:24,422 [INFO] ApiDb:250 - Set database path to: /home/szensei/.stmcufinder/plugins/mcufinder//mcu/
2024-12-16 18:58:24,422 [WARN] DbFile:41 - Overriding database path with different value: /home/szensei/.stmcufinder/plugins/mcufinder/ => /home/szensei/.stmcufinder/plugins/mcufinder
2024-12-16 18:58:24,422 [INFO] DbMcusAds:125 - Set database path to: /home/szensei/.stmcufinder/plugins/mcufinder//mcu/
2024-12-16 18:58:24,422 [WARN] DbFile:41 - Overriding database path with different value: /home/szensei/.stmcufinder/plugins/mcufinder/ => /home/szensei/.stmcufinder/plugins/mcufinder
2024-12-16 18:58:24,422 [WARN] DbFile:41 - Overriding database path with different value: /home/szensei/.stmcufinder/plugins/mcufinder/ => /home/szensei/.stmcufinder/plugins/mcufinder
2024-12-16 18:58:24,422 [INFO] CrossReferenceDbSqlite:203 - Set database path to: /home/szensei/.stmcufinder/plugins/mcufinder//mcu/cs/
2024-12-16 18:58:24,430 [INFO] ApplicationProperties:184 - Using Application install path: /opt/stm32cubeide/plugins/com.st.stm32cube.common.mx_6.12.1.202409122256
2024-12-16 18:58:24,431 [INFO] PluginManage:196 - Search for loadable plugins [exclusion list=, ]
2024-12-16 18:58:24,431 [INFO] PluginManage:310 - Check plugin analytics
2024-12-16 18:58:24,535 [INFO] AnalyticsPlugin:253 - Accepted Software Licenses: 
2024-12-16 18:58:24,535 [INFO] AnalyticsPlugin:255 - Accepted CMSIS Pack Licenses: 
2024-12-16 18:58:24,535 [INFO] AnalyticsPlugin:257 - Accepted Firmware Licenses: FW.F4.1.28.0
2024-12-16 18:58:24,537 [INFO] PluginManage:359 - Loaded plugin analytics (category:tool,tabindex:-1)
2024-12-16 18:58:24,537 [INFO] PluginManage:310 - Check plugin cadmodel
2024-12-16 18:58:24,540 [INFO] CADModel:105 - Init CAD model plugin
2024-12-16 18:58:24,540 [INFO] PluginManage:359 - Loaded plugin cadmodel (category:power,tabindex:5)
2024-12-16 18:58:24,540 [INFO] PluginManage:310 - Check plugin clock
2024-12-16 18:58:24,547 [INFO] PluginManage:359 - Loaded plugin clock (category:base,tabindex:2)
2024-12-16 18:58:24,547 [INFO] PluginManage:310 - Check plugin ddr
2024-12-16 18:58:24,549 [INFO] PluginManage:359 - Loaded plugin ddr (category:tool,tabindex:6)
2024-12-16 18:58:24,549 [INFO] PluginManage:310 - Check plugin filemanager
2024-12-16 18:58:24,639 [INFO] PluginManage:359 - Loaded plugin filemanager (category:base,tabindex:10)
2024-12-16 18:58:24,640 [INFO] PluginManage:310 - Check plugin ipmanager
2024-12-16 18:58:24,643 [INFO] PluginManage:359 - Loaded plugin ipmanager (category:base,tabindex:5)
2024-12-16 18:58:24,643 [INFO] PluginManage:310 - Check plugin lpbam
2024-12-16 18:58:24,666 [INFO] PluginManage:359 - Loaded plugin lpbam (category:base,tabindex:0)
2024-12-16 18:58:24,667 [INFO] PluginManage:310 - Check plugin memorymap
2024-12-16 18:58:24,675 [INFO] PluginManage:359 - Loaded plugin memorymap (category:base,tabindex:4)
2024-12-16 18:58:24,675 [INFO] PluginManage:310 - Check plugin pinoutandconfiguration
2024-12-16 18:58:24,682 [INFO] PluginManage:359 - Loaded plugin pinoutandconfiguration (category:base,tabindex:1)
2024-12-16 18:58:24,683 [INFO] PluginManage:310 - Check plugin pinoutconfig
2024-12-16 18:58:24,743 [WARN] SupportedApi:132 - Cannot load RTOS API schema: s4s-elt-must-match.1: The content of 'definitions' must match (annotation?, (simpleType | complexType)?, (unique | key | keyref)*)). A problem was found starting at: attribute.
2024-12-16 18:58:24,817 [INFO] PluginManage:359 - Loaded plugin pinoutconfig (category:base,tabindex:0)
2024-12-16 18:58:24,817 [INFO] PluginManage:310 - Check plugin power
2024-12-16 18:58:24,821 [INFO] PluginManage:359 - Loaded plugin power (category:power,tabindex:4)
2024-12-16 18:58:24,821 [INFO] PluginManage:310 - Check plugin projectmanager
2024-12-16 18:58:24,832 [INFO] PluginManage:359 - Loaded plugin projectmanager (category:projectmanager,tabindex:4)
2024-12-16 18:58:24,832 [INFO] PluginManage:310 - Check plugin rif
2024-12-16 18:58:24,835 [INFO] PluginManage:359 - Loaded plugin rif (category:base,tabindex:3)
2024-12-16 18:58:24,835 [INFO] PluginManage:310 - Check plugin thirdparty
2024-12-16 18:58:24,906 [INFO] PluginManage:359 - Loaded plugin thirdparty (category:base,tabindex:-1)
2024-12-16 18:58:24,906 [WARN] IntegrityCheckThread:84 - waiting for thirdparty lock release [integrity check]
2024-12-16 18:58:24,906 [INFO] PluginManage:310 - Check plugin tools
2024-12-16 18:58:24,906 [INFO] IntegrityCheckThread:86 - entering critical section [integrity check]
2024-12-16 18:58:24,906 [INFO] ThirdPartyUpdaterWithRetryManager:70 - Updater plugin not ready yet. [1/15]
2024-12-16 18:58:24,907 [INFO] PluginManage:359 - Loaded plugin tools (category:base,tabindex:7)
2024-12-16 18:58:24,907 [INFO] PluginManage:310 - Check plugin tutovideos
2024-12-16 18:58:25,013 [INFO] PluginManage:359 - Loaded plugin tutovideos (category:base,tabindex:-1)
2024-12-16 18:58:25,013 [INFO] PluginManage:310 - Check plugin updater
2024-12-16 18:58:25,023 [INFO] PluginManage:359 - Loaded plugin updater (category:base,tabindex:12)
2024-12-16 18:58:25,023 [INFO] PluginManage:310 - Check plugin userauth
2024-12-16 18:58:25,026 [INFO] UserAuth:113 - Init User Auth plugin
2024-12-16 18:58:25,027 [INFO] PluginManage:359 - Loaded plugin userauth (category:base,tabindex:14)
2024-12-16 18:58:25,027 [INFO] PluginManage:283 - PluginManage : Loaded plugins [18]
2024-12-16 18:58:25,122 [INFO] PinOutPanel:1561 - setPackage(No Configuration,No Configuration)
2024-12-16 18:58:25,162 [INFO] CADModel:165 - CPN selected for project level
2024-12-16 18:58:25,162 [INFO] CADModel:114 - Register for checkConnection events
2024-12-16 18:58:25,168 [INFO] IPUIPlugin:80 - create IPUIPlugin
2024-12-16 18:58:25,169 [INFO] PluginManager:220 - loadIPPluginJar : add gic
2024-12-16 18:58:25,170 [INFO] IPUIPlugin:80 - create IPUIPlugin
2024-12-16 18:58:25,170 [INFO] PluginManager:220 - loadIPPluginJar : add genericplugin
2024-12-16 18:58:25,173 [INFO] IPUIPlugin:80 - create IPUIPlugin
2024-12-16 18:58:25,173 [INFO] PluginManager:220 - loadIPPluginJar : add hash
2024-12-16 18:58:25,174 [INFO] IPUIPlugin:80 - create IPUIPlugin
2024-12-16 18:58:25,174 [INFO] PluginManager:220 - loadIPPluginJar : add gtzc
2024-12-16 18:58:25,175 [INFO] IPUIPlugin:80 - create IPUIPlugin
2024-12-16 18:58:25,175 [INFO] PluginManager:220 - loadIPPluginJar : add spi
2024-12-16 18:58:25,178 [INFO] IPUIPlugin:80 - create IPUIPlugin
2024-12-16 18:58:25,178 [INFO] PluginManager:220 - loadIPPluginJar : add opamp
2024-12-16 18:58:25,179 [INFO] IPUIPlugin:80 - create IPUIPlugin
2024-12-16 18:58:25,179 [INFO] PluginManager:220 - loadIPPluginJar : add i2s
2024-12-16 18:58:25,181 [INFO] IPUIPlugin:80 - create IPUIPlugin
2024-12-16 18:58:25,181 [INFO] PluginManager:220 - loadIPPluginJar : add lorawan
2024-12-16 18:58:25,182 [INFO] IPUIPlugin:80 - create IPUIPlugin
2024-12-16 18:58:25,183 [INFO] PluginManager:220 - loadIPPluginJar : add ucpd
2024-12-16 18:58:25,185 [INFO] IPUIPlugin:80 - create IPUIPlugin
2024-12-16 18:58:25,185 [INFO] PluginManager:220 - loadIPPluginJar : add gpio
2024-12-16 18:58:25,186 [INFO] IPUIPlugin:80 - create IPUIPlugin
2024-12-16 18:58:25,186 [INFO] PluginManager:220 - loadIPPluginJar : add tracer_emb
2024-12-16 18:58:25,187 [INFO] IPUIPlugin:80 - create IPUIPlugin
2024-12-16 18:58:25,188 [INFO] PluginManager:220 - loadIPPluginJar : add radio
2024-12-16 18:58:25,189 [INFO] IPUIPlugin:80 - create IPUIPlugin
2024-12-16 18:58:25,189 [INFO] PluginManager:220 - loadIPPluginJar : add nvic
2024-12-16 18:58:25,190 [INFO] IPUIPlugin:80 - create IPUIPlugin
2024-12-16 18:58:25,191 [INFO] PluginManager:220 - loadIPPluginJar : add gfxmmu
2024-12-16 18:58:25,192 [INFO] IPUIPlugin:80 - create IPUIPlugin
2024-12-16 18:58:25,192 [INFO] PluginManager:220 - loadIPPluginJar : add ddr_ctrl_phy
2024-12-16 18:58:25,193 [INFO] IPUIPlugin:80 - create IPUIPlugin
2024-12-16 18:58:25,193 [INFO] PluginManager:220 - loadIPPluginJar : add usbx
2024-12-16 18:58:25,194 [INFO] IPUIPlugin:80 - create IPUIPlugin
2024-12-16 18:58:25,194 [INFO] PluginManager:220 - loadIPPluginJar : add ltdc
2024-12-16 18:58:25,195 [INFO] IPUIPlugin:80 - create IPUIPlugin
2024-12-16 18:58:25,195 [INFO] PluginManager:220 - loadIPPluginJar : add tsc
2024-12-16 18:58:25,197 [INFO] IPUIPlugin:80 - create IPUIPlugin
2024-12-16 18:58:25,197 [INFO] PluginManager:220 - loadIPPluginJar : add pdm2pcm
2024-12-16 18:58:25,198 [INFO] IPUIPlugin:80 - create IPUIPlugin
2024-12-16 18:58:25,198 [INFO] PluginManager:220 - loadIPPluginJar : add tim
2024-12-16 18:58:25,202 [INFO] IPUIPlugin:80 - create IPUIPlugin
2024-12-16 18:58:25,202 [INFO] PluginManager:220 - loadIPPluginJar : add dma
2024-12-16 18:58:25,204 [INFO] IPUIPlugin:80 - create IPUIPlugin
2024-12-16 18:58:25,204 [INFO] PluginManager:220 - loadIPPluginJar : add ipddr
2024-12-16 18:58:25,205 [INFO] IPUIPlugin:80 - create IPUIPlugin
2024-12-16 18:58:25,205 [INFO] PluginManager:220 - loadIPPluginJar : add can
2024-12-16 18:58:25,207 [INFO] IPUIPlugin:80 - create IPUIPlugin
2024-12-16 18:58:25,207 [INFO] PluginManager:220 - loadIPPluginJar : add resmgrutility
2024-12-16 18:58:25,208 [INFO] IPUIPlugin:80 - create IPUIPlugin
2024-12-16 18:58:25,208 [INFO] PluginManager:220 - loadIPPluginJar : add quadspi
2024-12-16 18:58:25,209 [INFO] IPUIPlugin:80 - create IPUIPlugin
2024-12-16 18:58:25,209 [INFO] PluginManager:220 - loadIPPluginJar : add i2c
2024-12-16 18:58:25,212 [INFO] IPUIPlugin:80 - create IPUIPlugin
2024-12-16 18:58:25,213 [INFO] PluginManager:220 - loadIPPluginJar : add freertos
2024-12-16 18:58:25,216 [INFO] IPUIPlugin:80 - create IPUIPlugin
2024-12-16 18:58:25,216 [INFO] PluginManager:220 - loadIPPluginJar : add fmc
2024-12-16 18:58:25,218 [INFO] IPUIPlugin:80 - create IPUIPlugin
2024-12-16 18:58:25,218 [INFO] PluginManager:220 - loadIPPluginJar : add touchsensing
2024-12-16 18:58:25,223 [INFO] IPUIPlugin:80 - create IPUIPlugin
2024-12-16 18:58:25,223 [INFO] PluginManager:220 - loadIPPluginJar : add linkedlist
2024-12-16 18:58:25,224 [INFO] IPUIPlugin:80 - create IPUIPlugin
2024-12-16 18:58:25,224 [INFO] PluginManager:220 - loadIPPluginJar : add comp
2024-12-16 18:58:25,225 [INFO] IPUIPlugin:80 - create IPUIPlugin
2024-12-16 18:58:25,225 [INFO] PluginManager:220 - loadIPPluginJar : add i3c
2024-12-16 18:58:25,226 [INFO] IPUIPlugin:80 - create IPUIPlugin
2024-12-16 18:58:25,226 [INFO] PluginManager:220 - loadIPPluginJar : add dma3
2024-12-16 18:58:25,227 [INFO] IPUIPlugin:80 - create IPUIPlugin
2024-12-16 18:58:25,227 [INFO] PluginManager:220 - loadIPPluginJar : add ts
2024-12-16 18:58:25,231 [INFO] IPUIPlugin:80 - create IPUIPlugin
2024-12-16 18:58:25,233 [INFO] PluginManager:220 - loadIPPluginJar : add plateformsettings
2024-12-16 18:58:25,234 [INFO] IPUIPlugin:80 - create IPUIPlugin
2024-12-16 18:58:25,234 [INFO] PluginManager:220 - loadIPPluginJar : add cryp
2024-12-16 18:58:25,236 [INFO] IPUIPlugin:80 - create IPUIPlugin
2024-12-16 18:58:25,236 [INFO] PluginManager:220 - loadIPPluginJar : add openamp
2024-12-16 18:58:25,237 [INFO] IPUIPlugin:80 - create IPUIPlugin
2024-12-16 18:58:25,237 [INFO] PluginManager:220 - loadIPPluginJar : add dfsdm
2024-12-16 18:58:25,239 [INFO] IPUIPlugin:80 - create IPUIPlugin
2024-12-16 18:58:25,239 [INFO] PluginManager:220 - loadIPPluginJar : add extmemmanager
2024-12-16 18:58:25,240 [INFO] IPUIPlugin:80 - create IPUIPlugin
2024-12-16 18:58:25,240 [INFO] PluginManager:220 - loadIPPluginJar : add usart
2024-12-16 18:58:25,244 [INFO] IPUIPlugin:80 - create IPUIPlugin
2024-12-16 18:58:25,244 [INFO] PluginManager:220 - loadIPPluginJar : add mdma
2024-12-16 18:58:25,245 [INFO] IPUIPlugin:80 - create IPUIPlugin
2024-12-16 18:58:25,245 [INFO] PluginManager:220 - loadIPPluginJar : add fatfs
2024-12-16 18:58:25,247 [INFO] IPUIPlugin:80 - create IPUIPlugin
2024-12-16 18:58:25,247 [INFO] PluginManager:220 - loadIPPluginJar : add aes
2024-12-16 18:58:25,251 [INFO] IPUIPlugin:80 - create IPUIPlugin
2024-12-16 18:58:25,251 [INFO] PluginManager:220 - loadIPPluginJar : add adc
2024-12-16 18:58:25,255 [INFO] IPUIPlugin:80 - create IPUIPlugin
2024-12-16 18:58:25,255 [INFO] PluginManager:220 - loadIPPluginJar : add stm32_wpan
2024-12-16 18:58:25,256 [INFO] IPUIPlugin:80 - create IPUIPlugin
2024-12-16 18:58:25,257 [INFO] PluginManager:220 - loadIPPluginJar : add sai
2024-12-16 18:58:25,349 [INFO] CADModel:165 - CPN selected for project level
2024-12-16 18:58:25,350 [INFO] CADModel:114 - Register for checkConnection events
2024-12-16 18:58:25,350 [FATAL] Updater:334 - Updater called before beeing initialized
2024-12-16 18:58:25,350 [ERROR] CADModel:125 - Updater not yet initialized, retry later 
2024-12-16 18:58:25,441 [INFO] CADModel:165 - CPN selected for project level
2024-12-16 18:58:25,441 [INFO] CADModel:114 - Register for checkConnection events
2024-12-16 18:58:25,441 [FATAL] Updater:334 - Updater called before beeing initialized
2024-12-16 18:58:25,441 [ERROR] CADModel:125 - Updater not yet initialized, retry later 
2024-12-16 18:58:25,443 [FATAL] Updater:334 - Updater called before beeing initialized
2024-12-16 18:58:25,498 [FATAL] Updater:334 - Updater called before beeing initialized
2024-12-16 18:58:25,501 [INFO] DbMcusAds:53 - JSON generation date=Fri Sep 20 06:04:23 PDT 2024 (1726837463113)
2024-12-16 18:58:25,501 [FATAL] Updater:334 - Updater called before beeing initialized
2024-12-16 18:58:25,523 [WARN] DetailPanel:346 - Failed to get advertising image, set to default
2024-12-16 18:58:25,571 [FATAL] Updater:334 - Updater called before beeing initialized
2024-12-16 18:58:25,572 [FATAL] Updater:334 - Updater called before beeing initialized
2024-12-16 18:58:25,572 [FATAL] Updater:334 - Updater called before beeing initialized
2024-12-16 18:58:25,572 [WARN] DetailPanel:346 - Failed to get advertising image, set to default
2024-12-16 18:58:25,572 [FATAL] Updater:334 - Updater called before beeing initialized
2024-12-16 18:58:25,591 [ERROR] Updater:1164 - MainUpdater not yet initialized. External WinMGr cannot be set.
2024-12-16 18:58:25,592 [INFO] Updater:1100 - Updater Version found : 6.12.1
2024-12-16 18:58:25,603 [INFO] ApplicationProperties:184 - Using Application install path: /opt/stm32cubeide/plugins/com.st.stm32cube.common.mx_6.12.1.202409122256
2024-12-16 18:58:25,611 [ERROR] LogOutputStream:75 - [STDERR_REDIRECT] Dec 16, 2024 6:58:25 PM java.util.prefs.FileSystemPreferences$2 run
2024-12-16 18:58:25,611 [ERROR] LogOutputStream:75 - [STDERR_REDIRECT] WARNING: Could not create system preferences directory. System preferences are unusable.
2024-12-16 18:58:25,611 [ERROR] LogOutputStream:75 - [STDERR_REDIRECT] 
2024-12-16 18:58:25,822 [INFO] MainUpdater:2873 - connection check result : 10
2024-12-16 18:58:25,822 [INFO] MainUpdater:290 - Updater Check For Update Now.
2024-12-16 18:58:25,822 [INFO] MicroXplorer:498 - Change Database Version : DB.6.0.121
2024-12-16 18:58:25,826 [INFO] McuFinderGlobals:63 - Set McuFinder mode to 2 (CubeIDE integrated)
2024-12-16 18:58:25,826 [INFO] UserAuth:417 - Internet connection configuration mode: 1
2024-12-16 18:58:25,836 [INFO] JxBrowserEngine:152 - Initiate JxBrowser Engine with user profile folder
2024-12-16 18:58:25,971 [INFO] CheckServerUpdateThread:120 - End of CheckServer Thread
2024-12-16 18:58:26,180 [INFO] WebApp:167 - Instantiating new browser for Auth
2024-12-16 18:58:26,519 [INFO] WebApp:448 - Apply proxy settings
2024-12-16 18:58:26,520 [INFO] WebApp:533 - Chromium requires no authentication
2024-12-16 18:58:26,524 [INFO] WebApp:476 - Direct internet connection detected
2024-12-16 18:58:26,535 [INFO] WebApp:869 - Register for checkConnection events
2024-12-16 18:58:26,535 [INFO] WebApp:448 - Apply proxy settings
2024-12-16 18:58:26,536 [INFO] WebApp:533 - Chromium requires no authentication
2024-12-16 18:58:26,536 [INFO] WebApp:476 - Direct internet connection detected
2024-12-16 18:58:26,617 [INFO] WebApp:220 - Starting web application
2024-12-16 18:58:26,617 [INFO] WebApp:578 - Web application path used /opt/stm32cubeide/plugins/com.st.stm32cube.common.mx_6.12.1.202409122256/db/plugins/mcufinder/reactClient1/index.html
2024-12-16 18:58:26,685 [INFO] UserAuth:417 - Internet connection configuration mode: 1
2024-12-16 18:58:26,749 [INFO] WebApp:186 - Connection restablished
2024-12-16 18:58:28,026 [WARN] PackLoader:240 - Cannot read IP mode file for STMicroelectronics.FP-SNS-MOTENVWB1.1.4.0
2024-12-16 18:58:28,033 [WARN] PackLoader:240 - Cannot read IP mode file for STMicroelectronics.FP-ATR-ASTRA1.2.0.1
2024-12-16 18:58:28,038 [WARN] PackLoader:240 - Cannot read IP mode file for STMicroelectronics.X-CUBE-SMBUS.2.1.0
2024-12-16 18:58:28,044 [WARN] PackLoader:240 - Cannot read IP mode file for STMicroelectronics.X-CUBE-WB05N.1.1.0
2024-12-16 18:58:28,065 [WARN] PackLoader:240 - Cannot read IP mode file for STMicroelectronics.X-CUBE-AZRTOS-F7.1.1.0
2024-12-16 18:58:28,115 [WARN] PackLoader:240 - Cannot read IP mode file for STMicroelectronics.X-CUBE-MEMS1.11.0.0
2024-12-16 18:58:28,230 [WARN] PackLoader:240 - Cannot read IP mode file for STMicroelectronics.FP-SNS-FLIGHT1.5.0.2
2024-12-16 18:58:28,236 [WARN] PackLoader:240 - Cannot read IP mode file for STMicroelectronics.X-CUBE-DISPLAY.3.0.0
2024-12-16 18:58:28,242 [WARN] PackLoader:240 - Cannot read IP mode file for STMicroelectronics.X-CUBE-BLE1.7.0.0
2024-12-16 18:58:28,246 [WARN] PackLoader:240 - Cannot read IP mode file for STMicroelectronics.X-CUBE-NFC10.1.0.0
2024-12-16 18:58:28,254 [WARN] PackLoader:240 - Cannot read IP mode file for STMicroelectronics.X-CUBE-BLEMGR.4.0.0
2024-12-16 18:58:28,260 [WARN] PackLoader:240 - Cannot read IP mode file for emotas.I-CUBE-CANOPEN.1.3.0
2024-12-16 18:58:28,266 [WARN] PackLoader:240 - Cannot read IP mode file for STMicroelectronics.X-CUBE-BLEMGR.3.1.0
2024-12-16 18:58:28,271 [WARN] PackLoader:240 - Cannot read IP mode file for STMicroelectronics.FP-SNS-SMARTAG2.1.2.0
2024-12-16 18:58:28,311 [WARN] PackLoader:240 - Cannot read IP mode file for STMicroelectronics.X-CUBE-MEMS1.11.1.0
2024-12-16 18:58:28,426 [INFO] LogOutputStream:77 - [STDOUT_REDIRECT] 1 : Invalid condition id : UX_CORESTACK_Condition cause : null
2024-12-16 18:58:28,426 [INFO] LogOutputStream:77 - [STDOUT_REDIRECT] 1 : Invalid condition id : UX_CORESTACK_Condition cause : null
2024-12-16 18:58:28,426 [INFO] LogOutputStream:77 - [STDOUT_REDIRECT] 1 : Invalid condition id : UX_CORESTACK_Condition cause : null
2024-12-16 18:58:28,426 [INFO] LogOutputStream:77 - [STDOUT_REDIRECT] 1 : Invalid condition id : UX_CORESTACK_Condition cause : null
2024-12-16 18:58:28,426 [INFO] LogOutputStream:77 - [STDOUT_REDIRECT] 1 : Invalid condition id : UX_CORESTACK_Condition cause : null
2024-12-16 18:58:28,428 [WARN] PackLoader:240 - Cannot read IP mode file for STMicroelectronics.X-CUBE-AZRTOS-WL.2.0.0
2024-12-16 18:58:28,432 [WARN] PackLoader:240 - Cannot read IP mode file for STMicroelectronics.FP-SNS-MOTENV1.5.0.0
2024-12-16 18:58:28,435 [WARN] PackLoader:240 - Cannot read IP mode file for wolfSSL.I-CUBE-wolfMQTT.1.19.0
2024-12-16 18:58:28,439 [WARN] PackLoader:240 - Cannot read IP mode file for WES.I-CUBE-Cesium.1.3.0
2024-12-16 18:58:28,441 [WARN] PackLoader:240 - Cannot read IP mode file for STMicroelectronics.X-CUBE-BLE2.3.3.0
2024-12-16 18:58:28,445 [WARN] PackLoader:240 - Cannot read IP mode file for STMicroelectronics.X-CUBE-NFC9.1.0.0
2024-12-16 18:58:28,450 [WARN] PackLoader:240 - Cannot read IP mode file for STMicroelectronics.X-CUBE-TCPP.4.1.0
2024-12-16 18:58:28,462 [WARN] PackLoader:240 - Cannot read IP mode file for STMicroelectronics.X-CUBE-AZRTOS-G0.1.1.0
2024-12-16 18:58:28,468 [WARN] PackLoader:240 - Cannot read IP mode file for STMicroelectronics.X-CUBE-SAFEA1.1.2.2
2024-12-16 18:58:28,471 [WARN] PackLoader:240 - Cannot read IP mode file for STMicroelectronics.X-CUBE-NFC4.3.0.0
2024-12-16 18:58:28,480 [WARN] PackLoader:240 - Cannot read IP mode file for EmbeddedOffice.I-CUBE-FS-RTOS.1.0.1
2024-12-16 18:58:28,481 [ERROR] ConditionMgr:805 - Attr not supported : Dmpu
2024-12-16 18:58:28,481 [ERROR] ConditionMgr:805 - Attr not supported : Dmpu
2024-12-16 18:58:28,481 [ERROR] ConditionMgr:805 - Attr not supported : Dmpu
2024-12-16 18:58:28,481 [ERROR] ConditionMgr:805 - Attr not supported : Dmpu
2024-12-16 18:58:28,481 [ERROR] ConditionMgr:805 - Attr not supported : Dmpu
2024-12-16 18:58:28,481 [ERROR] ConditionMgr:805 - Attr not supported : Dmpu
2024-12-16 18:58:28,481 [ERROR] ConditionMgr:805 - Attr not supported : Dmpu
2024-12-16 18:58:28,481 [ERROR] ConditionMgr:805 - Attr not supported : Dmpu
2024-12-16 18:58:28,481 [ERROR] ConditionMgr:805 - Attr not supported : Dmpu
2024-12-16 18:58:28,481 [ERROR] ConditionMgr:805 - Attr not supported : Dmpu
2024-12-16 18:58:28,481 [ERROR] ConditionMgr:805 - Attr not supported : Dmpu
2024-12-16 18:58:28,481 [ERROR] ConditionMgr:805 - Attr not supported : Dmpu
2024-12-16 18:58:28,482 [ERROR] ConditionMgr:805 - Attr not supported : Dmpu
2024-12-16 18:58:28,482 [ERROR] ConditionMgr:805 - Attr not supported : Dmpu
2024-12-16 18:58:28,482 [ERROR] ConditionMgr:805 - Attr not supported : Dmpu
2024-12-16 18:58:28,482 [ERROR] ConditionMgr:805 - Attr not supported : Dmpu
2024-12-16 18:58:28,482 [ERROR] ConditionMgr:805 - Attr not supported : Dmpu
2024-12-16 18:58:28,482 [ERROR] ConditionMgr:805 - Attr not supported : Dmpu
2024-12-16 18:58:28,482 [ERROR] ConditionMgr:805 - Attr not supported : Dmpu
2024-12-16 18:58:28,482 [ERROR] ConditionMgr:805 - Attr not supported : Dmpu
2024-12-16 18:58:28,482 [ERROR] ConditionMgr:805 - Attr not supported : Dmpu
2024-12-16 18:58:28,482 [ERROR] ConditionMgr:805 - Attr not supported : Dmpu
2024-12-16 18:58:28,482 [ERROR] ConditionMgr:805 - Attr not supported : Dmpu
2024-12-16 18:58:28,482 [ERROR] ConditionMgr:805 - Attr not supported : Dmpu
2024-12-16 18:58:28,482 [ERROR] ConditionMgr:805 - Attr not supported : Dmpu
2024-12-16 18:58:28,482 [ERROR] ConditionMgr:805 - Attr not supported : Dmpu
2024-12-16 18:58:28,482 [ERROR] ConditionMgr:805 - Attr not supported : Dmpu
2024-12-16 18:58:28,482 [ERROR] ConditionMgr:805 - Attr not supported : Dmpu
2024-12-16 18:58:28,482 [ERROR] ConditionMgr:805 - Attr not supported : Dmpu
2024-12-16 18:58:28,482 [ERROR] ConditionMgr:805 - Attr not supported : Dmpu
2024-12-16 18:58:28,483 [ERROR] ConditionMgr:805 - Attr not supported : Dmpu
2024-12-16 18:58:28,483 [ERROR] ConditionMgr:805 - Attr not supported : Dmpu
2024-12-16 18:58:28,483 [ERROR] ConditionMgr:805 - Attr not supported : Dmpu
2024-12-16 18:58:28,483 [ERROR] ConditionMgr:805 - Attr not supported : Dmpu
2024-12-16 18:58:28,483 [ERROR] ConditionMgr:805 - Attr not supported : Dmpu
2024-12-16 18:58:28,483 [ERROR] ConditionMgr:805 - Attr not supported : Dmpu
2024-12-16 18:58:28,483 [ERROR] ConditionMgr:805 - Attr not supported : Dmpu
2024-12-16 18:58:28,483 [ERROR] ConditionMgr:805 - Attr not supported : Dmpu
2024-12-16 18:58:28,483 [ERROR] ConditionMgr:805 - Attr not supported : Dmpu
2024-12-16 18:58:28,483 [ERROR] ConditionMgr:805 - Attr not supported : Dmpu
2024-12-16 18:58:28,483 [ERROR] ConditionMgr:805 - Attr not supported : Dmpu
2024-12-16 18:58:28,483 [ERROR] ConditionMgr:805 - Attr not supported : Dmpu
2024-12-16 18:58:28,483 [ERROR] ConditionMgr:805 - Attr not supported : Dmpu
2024-12-16 18:58:28,483 [ERROR] ConditionMgr:805 - Attr not supported : Dmpu
2024-12-16 18:58:28,483 [ERROR] ConditionMgr:805 - Attr not supported : Dmpu
2024-12-16 18:58:28,483 [ERROR] ConditionMgr:805 - Attr not supported : Dmpu
2024-12-16 18:58:28,483 [ERROR] ConditionMgr:805 - Attr not supported : Dmpu
2024-12-16 18:58:28,484 [ERROR] ConditionMgr:805 - Attr not supported : Dmpu
2024-12-16 18:58:28,484 [ERROR] ConditionMgr:805 - Attr not supported : Dmpu
2024-12-16 18:58:28,484 [ERROR] ConditionMgr:805 - Attr not supported : Dmpu
2024-12-16 18:58:28,484 [ERROR] ConditionMgr:805 - Attr not supported : Dmpu
2024-12-16 18:58:28,484 [ERROR] ConditionMgr:805 - Attr not supported : Dmpu
2024-12-16 18:58:28,484 [ERROR] ConditionMgr:805 - Attr not supported : Dmpu
2024-12-16 18:58:28,484 [ERROR] ConditionMgr:805 - Attr not supported : Dmpu
2024-12-16 18:58:28,484 [ERROR] ConditionMgr:805 - Attr not supported : Dmpu
2024-12-16 18:58:28,484 [ERROR] ConditionMgr:805 - Attr not supported : Dmpu
2024-12-16 18:58:28,484 [ERROR] ConditionMgr:805 - Attr not supported : Dmpu
2024-12-16 18:58:28,484 [ERROR] ConditionMgr:805 - Attr not supported : Dmpu
2024-12-16 18:58:28,484 [ERROR] ConditionMgr:805 - Attr not supported : Dmpu
2024-12-16 18:58:28,484 [ERROR] ConditionMgr:805 - Attr not supported : Dmpu
2024-12-16 18:58:28,484 [ERROR] ConditionMgr:805 - Attr not supported : Dmpu
2024-12-16 18:58:28,484 [ERROR] ConditionMgr:805 - Attr not supported : Dmpu
2024-12-16 18:58:28,484 [ERROR] ConditionMgr:805 - Attr not supported : Dmpu
2024-12-16 18:58:28,484 [ERROR] ConditionMgr:805 - Attr not supported : Dmpu
2024-12-16 18:58:28,487 [ERROR] Engine:466 - /home/szensei/.stm32cubemx/thirdparties/pdsc/STMicroelectronics.X-CUBE-TCPP.4.2.0.pdsc: PDSC version is not supported
2024-12-16 18:58:28,489 [WARN] PackLoader:240 - Cannot read IP mode file for RealThread.X-CUBE-RT-Thread_Nano.4.1.1
2024-12-16 18:58:28,491 [WARN] PackLoader:240 - Cannot read IP mode file for STMicroelectronics.FP-ATR-SIGFOX1.3.2.0
2024-12-16 18:58:28,493 [WARN] PackLoader:240 - Cannot read IP mode file for wolfSSL.I-CUBE-wolfSSL.5.7.2
2024-12-16 18:58:28,496 [WARN] ConditionMgr:438 - getConditionDescription Invalid condition id : Cortex-A Device cause : null
2024-12-16 18:58:28,506 [WARN] ConditionMgr:1039 - genDependencies : Invalid condition id : Cortex-A Device cause : null
2024-12-16 18:58:28,506 [WARN] ConditionMgr:1039 - genDependencies : Invalid condition id : Cortex-A Device cause : null
2024-12-16 18:58:28,506 [WARN] ConditionMgr:1039 - genDependencies : Invalid condition id : Cortex-A Device cause : null
2024-12-16 18:58:28,510 [WARN] PackLoader:240 - Cannot read IP mode file for STMicroelectronics.X-CUBE-EEPRMA1.5.1.0
2024-12-16 18:58:28,516 [WARN] PackLoader:240 - Cannot read IP mode file for ITTIA_DB.I-CUBE-ITTIADB.8.9.0
2024-12-16 18:58:28,547 [WARN] PackLoader:240 - Cannot read IP mode file for SEGGER.I-CUBE-embOS.1.3.1
2024-12-16 18:58:28,579 [WARN] PackLoader:240 - Cannot read IP mode file for STMicroelectronics.X-CUBE-ALGOBUILD.1.4.0
2024-12-16 18:58:28,582 [WARN] PackLoader:240 - Cannot read IP mode file for STMicroelectronics.X-CUBE-AI.9.1.0
2024-12-16 18:58:28,594 [WARN] PackLoader:240 - Cannot read IP mode file for STMicroelectronics.X-CUBE-AZRTOS-F4.1.1.0
2024-12-16 18:58:28,598 [WARN] PackLoader:240 - Cannot read IP mode file for STMicroelectronics.X-CUBE-ISPU.2.1.0
2024-12-16 18:58:28,602 [WARN] PackLoader:240 - Cannot read IP mode file for STMicroelectronics.X-CUBE-FREERTOS.1.2.0
2024-12-16 18:58:28,616 [WARN] PackLoader:240 - Cannot read IP mode file for STMicroelectronics.X-CUBE-AZRTOS-L5.2.0.0
2024-12-16 18:58:28,623 [WARN] PackLoader:240 - Cannot read IP mode file for STMicroelectronics.X-CUBE-NFC6.3.1.0
2024-12-16 18:58:28,627 [WARN] PackLoader:240 - Cannot read IP mode file for STMicroelectronics.X-CUBE-DPower.1.2.0
2024-12-16 18:58:28,631 [WARN] PackLoader:240 - Cannot read IP mode file for STMicroelectronics.X-CUBE-FREERTOS.1.3.0
2024-12-16 18:58:28,634 [WARN] PackLoader:240 - Cannot read IP mode file for STMicroelectronics.X-CUBE-NFC7.1.0.1
2024-12-16 18:58:28,649 [WARN] ConditionMgr:438 - getConditionDescription Invalid condition id : LAN8742 Phy interface Condition cause : null
2024-12-16 18:58:28,649 [WARN] PackLoader:240 - Cannot read IP mode file for STMicroelectronics.X-CUBE-AZRTOS-L4.2.0.0
2024-12-16 18:58:28,650 [WARN] ConditionMgr:1039 - genDependencies : Invalid condition id : LAN8742 Phy interface Condition cause : null
2024-12-16 18:58:28,650 [WARN] ConditionMgr:1039 - genDependencies : Invalid condition id : LAN8742 Phy interface Condition cause : null
2024-12-16 18:58:28,651 [WARN] ConditionMgr:1039 - genDependencies : Invalid condition id : LAN8742 Phy interface Condition cause : null
2024-12-16 18:58:28,656 [WARN] PackLoader:240 - Cannot read IP mode file for STMicroelectronics.X-CUBE-SFXS2LP1.4.0.0
2024-12-16 18:58:28,674 [WARN] PackLoader:240 - Cannot read IP mode file for STMicroelectronics.X-CUBE-AZRTOS-H7.3.3.0
2024-12-16 18:58:28,684 [WARN] PackLoader:240 - Cannot read IP mode file for STMicroelectronics.X-CUBE-IPS.3.0.0
2024-12-16 18:58:28,696 [WARN] ConditionMgr:438 - getConditionDescription Invalid condition id : UX DEVICE CLASS RTOS Condition cause : null
2024-12-16 18:58:28,696 [WARN] ConditionMgr:438 - getConditionDescription Invalid condition id : UX DEVICE CLASS RTOS Condition cause : null
2024-12-16 18:58:28,698 [WARN] PackLoader:240 - Cannot read IP mode file for STMicroelectronics.X-CUBE-AZRTOS-WB.2.0.0
2024-12-16 18:58:28,699 [WARN] ConditionMgr:1039 - genDependencies : Invalid condition id : UX DEVICE CLASS RTOS Condition cause : null
2024-12-16 18:58:28,699 [WARN] ConditionMgr:1039 - genDependencies : Invalid condition id : UX DEVICE CLASS RTOS Condition cause : null
2024-12-16 18:58:28,699 [WARN] ConditionMgr:1039 - genDependencies : Invalid condition id : UX DEVICE CLASS RTOS Condition cause : null
2024-12-16 18:58:28,700 [WARN] ConditionMgr:1039 - genDependencies : Invalid condition id : UX DEVICE CLASS RTOS Condition cause : null
2024-12-16 18:58:28,700 [WARN] ConditionMgr:1039 - genDependencies : Invalid condition id : UX DEVICE CLASS RTOS Condition cause : null
2024-12-16 18:58:28,703 [WARN] PackLoader:240 - Cannot read IP mode file for STMicroelectronics.X-CUBE-GNSS1.7.0.0
2024-12-16 18:58:28,707 [WARN] PackLoader:240 - Cannot read IP mode file for STMicroelectronics.X-CUBE-GNSS1.7.0.1
2024-12-16 18:58:28,712 [WARN] PackLoader:240 - Cannot read IP mode file for STMicroelectronics.FP-SNS-STBOX1.2.0.0
2024-12-16 18:58:28,720 [WARN] PackLoader:240 - Cannot read IP mode file for STMicroelectronics.X-CUBE-SUBG2.5.0.0
2024-12-16 18:58:28,726 [WARN] PackLoader:240 - Cannot read IP mode file for Cesanta.I-CUBE-Mongoose.7.13.0
2024-12-16 18:58:28,736 [WARN] PackLoader:240 - Cannot read IP mode file for STMicroelectronics.X-CUBE-AZRTOS-G4.2.0.0
2024-12-16 18:58:28,740 [WARN] PackLoader:240 - Cannot read IP mode file for STMicroelectronics.X-CUBE-ALS.1.0.2
2024-12-16 18:58:28,742 [WARN] PackLoader:240 - Cannot read IP mode file for STMicroelectronics.X-CUBE-TOUCHGFX.4.24.1
2024-12-16 18:58:28,744 [WARN] PackLoader:240 - Cannot read IP mode file for wolfSSL.I-CUBE-wolfTPM.3.4.0
2024-12-16 18:58:28,747 [WARN] PackLoader:240 - Cannot read IP mode file for portGmbH.I-Cube-SoM-uGOAL.1.1.0
2024-12-16 18:58:28,760 [WARN] PackLoader:240 - Cannot read IP mode file for STMicroelectronics.X-CUBE-AZRTOS-H7RS.1.0.0
2024-12-16 18:58:28,764 [WARN] PackLoader:240 - Cannot read IP mode file for STMicroelectronics.FP-ATR-ASTRA1.2.0.0
2024-12-16 18:58:28,772 [WARN] PackLoader:240 - Cannot read IP mode file for STMicroelectronics.X-CUBE-TOF1.3.4.2
2024-12-16 18:58:28,794 [WARN] PackLoader:240 - Cannot read IP mode file for Infineon.AIROC-Wi-Fi-Bluetooth-STM32.1.6.1
2024-12-16 18:58:28,799 [WARN] PackLoader:240 - Cannot read IP mode file for wolfSSL.I-CUBE-wolfSSH.1.4.17
2024-12-16 18:58:28,799 [INFO] ThirdParty:978 - Integrity check success = true
2024-12-16 18:58:28,799 [INFO] IntegrityCheckThread:100 - exiting critical section [integrity check]
2024-12-16 18:58:28,799 [INFO] IntegrityCheckThread:103 - End integrity checks thread
2024-12-16 18:58:52,861 [ERROR] LogOutputStream:75 - [STDERR_REDIRECT] Dec 16, 2024 6:58:52 PM java.util.prefs.FileSystemPreferences checkLockFile0ErrorCode
2024-12-16 18:58:52,862 [ERROR] LogOutputStream:75 - [STDERR_REDIRECT] WARNING: Could not lock System prefs. Unix error code 2.
2024-12-16 18:58:52,862 [ERROR] LogOutputStream:75 - [STDERR_REDIRECT] 
2024-12-16 18:58:52,863 [ERROR] LogOutputStream:75 - [STDERR_REDIRECT] Dec 16, 2024 6:58:52 PM java.util.prefs.FileSystemPreferences syncWorld
2024-12-16 18:58:52,864 [ERROR] LogOutputStream:75 - [STDERR_REDIRECT] WARNING: Couldn't flush system prefs: java.util.prefs.BackingStoreException: Couldn't get file lock.
2024-12-16 18:58:52,864 [ERROR] LogOutputStream:75 - [STDERR_REDIRECT] 
2024-12-16 18:59:22,845 [ERROR] LogOutputStream:75 - [STDERR_REDIRECT] Dec 16, 2024 6:59:22 PM java.util.prefs.FileSystemPreferences checkLockFile0ErrorCode
2024-12-16 18:59:22,845 [ERROR] LogOutputStream:75 - [STDERR_REDIRECT] WARNING: Could not lock System prefs. Unix error code 2.
2024-12-16 18:59:22,845 [ERROR] LogOutputStream:75 - [STDERR_REDIRECT] 
2024-12-16 18:59:22,845 [ERROR] LogOutputStream:75 - [STDERR_REDIRECT] Dec 16, 2024 6:59:22 PM java.util.prefs.FileSystemPreferences syncWorld
2024-12-16 18:59:22,845 [ERROR] LogOutputStream:75 - [STDERR_REDIRECT] WARNING: Couldn't flush system prefs: java.util.prefs.BackingStoreException: Couldn't get file lock.
2024-12-16 18:59:22,845 [ERROR] LogOutputStream:75 - [STDERR_REDIRECT] 
2024-12-16 18:59:30,458 [ERROR] LogOutputStream:75 - [STDERR_REDIRECT] 
